c:\dev\gpu-particle-system\gmod_module\build\gmcl_particles.dir\release\lua_api_client_dx9.obj
c:\dev\gpu-particle-system\gmod_module\build\gmcl_particles.dir\release\d3d9_hook.obj
c:\dev\gpu-particle-system\gmod_module\build\gmcl_particles.dir\release\dx9_particle_renderer.obj
c:\dev\gpu-particle-system\gmod_module\build\gmcl_particles.dir\release\cpu_particle_simulator.obj
c:\dev\gpu-particle-system\gmod_module\build\gmcl_particles.dir\release\dx9_context.obj
c:\dev\gpu-particle-system\gmod_module\build\gmcl_particles.dir\release\particle_loader.obj
c:\dev\gpu-particle-system\gmod_module\build\gmcl_particles.dir\release\main_client.obj
c:\dev\gpu-particle-system\gmod_module\build\gmcl_particles.dir\release\particle_data.obj
c:\dev\gpu-particle-system\gmod_module\build\cmakefiles\generate.stamp
c:\dev\gpu-particle-system\gmod_module\build\bin\release\gmcl_particles_win32.dll
c:\dev\gpu-particle-system\gmod_module\build\release\gmcl_particles_win32.lib
c:\dev\gpu-particle-system\gmod_module\build\release\gmcl_particles_win32.exp
c:\dev\gpu-particle-system\gmod_module\build\gmcl_particles.dir\release\gmcl_particles.tlog\cl.command.1.tlog
c:\dev\gpu-particle-system\gmod_module\build\gmcl_particles.dir\release\gmcl_particles.tlog\cl.items.tlog
c:\dev\gpu-particle-system\gmod_module\build\gmcl_particles.dir\release\gmcl_particles.tlog\cl.read.1.tlog
c:\dev\gpu-particle-system\gmod_module\build\gmcl_particles.dir\release\gmcl_particles.tlog\cl.write.1.tlog
c:\dev\gpu-particle-system\gmod_module\build\gmcl_particles.dir\release\gmcl_particles.tlog\custombuild.command.1.tlog
c:\dev\gpu-particle-system\gmod_module\build\gmcl_particles.dir\release\gmcl_particles.tlog\custombuild.read.1.tlog
c:\dev\gpu-particle-system\gmod_module\build\gmcl_particles.dir\release\gmcl_particles.tlog\custombuild.write.1.tlog
c:\dev\gpu-particle-system\gmod_module\build\gmcl_particles.dir\release\gmcl_particles.tlog\link.command.1.tlog
c:\dev\gpu-particle-system\gmod_module\build\gmcl_particles.dir\release\gmcl_particles.tlog\link.read.1.tlog
c:\dev\gpu-particle-system\gmod_module\build\gmcl_particles.dir\release\gmcl_particles.tlog\link.secondary.1.tlog
c:\dev\gpu-particle-system\gmod_module\build\gmcl_particles.dir\release\gmcl_particles.tlog\link.write.1.tlog
